The system is: Linux - 6.0.5-200.fc36.x86_64 - x86_64
Compiling the C compiler identification source file "CMakeCCompilerId.c" succeeded.
Compiler: /usr/bin/clang 
Build flags: 
Id flags:  

The output was:
0


Compilation of the C compiler identification source "CMakeCCompilerId.c" produced "a.out"

The C compiler identification is Clang, found in "/home/jadondutra/Code/SpecGen/build/CMakeFiles/3.24.2/CompilerIdC/a.out"

Compiling the CXX compiler identification source file "CMakeCXXCompilerId.cpp" succeeded.
Compiler: /usr/bin/clang++ 
Build flags: 
Id flags:  

The output was:
0


Compilation of the CXX compiler identification source "CMakeCXXCompilerId.cpp" produced "a.out"

The CXX compiler identification is Clang, found in "/home/jadondutra/Code/SpecGen/build/CMakeFiles/3.24.2/CompilerIdCXX/a.out"

Detecting C compiler ABI info compiled with the following output:
Change Dir: /home/jadondutra/Code/SpecGen/build/CMakeFiles/CMakeTmp

Run Build Command(s):/usr/bin/gmake -f Makefile cmTC_8fb20/fast && /usr/bin/gmake  -f CMakeFiles/cmTC_8fb20.dir/build.make CMakeFiles/cmTC_8fb20.dir/build
gmake[1]: Entering directory '/home/jadondutra/Code/SpecGen/build/CMakeFiles/CMakeTmp'
Building C object CMakeFiles/cmTC_8fb20.dir/CMakeCCompilerABI.c.o
/usr/bin/clang   -v -MD -MT CMakeFiles/cmTC_8fb20.dir/CMakeCCompilerABI.c.o -MF CMakeFiles/cmTC_8fb20.dir/CMakeCCompilerABI.c.o.d -o CMakeFiles/cmTC_8fb20.dir/CMakeCCompilerABI.c.o -c /usr/share/cmake/Modules/CMakeCCompilerABI.c
clang version 14.0.5 (Fedora 14.0.5-1.fc36)
Target: x86_64-redhat-linux-gnu
Thread model: posix
InstalledDir: /usr/bin
Found candidate GCC installation: /usr/bin/../lib/gcc/x86_64-redhat-linux/12
Selected GCC installation: /usr/bin/../lib/gcc/x86_64-redhat-linux/12
Candidate multilib: .;@m64
Candidate multilib: 32;@m32
Selected multilib: .;@m64
 (in-process)
 "/usr/bin/clang-14" -cc1 -triple x86_64-redhat-linux-gnu -emit-obj -mrelax-all --mrelax-relocations -disable-free -clear-ast-before-backend -disable-llvm-verifier -discard-value-names -main-file-name CMakeCCompilerABI.c -mrelocation-model static -mframe-pointer=all -fmath-errno -ffp-contract=on -fno-rounding-math -mconstructor-aliases -funwind-tables=2 -target-cpu x86-64 -tune-cpu generic -mllvm -treat-scalable-fixed-error-as-warning -debugger-tuning=gdb -v -fcoverage-compilation-dir=/home/jadondutra/Code/SpecGen/build/CMakeFiles/CMakeTmp -resource-dir /usr/lib64/clang/14.0.5 -dependency-file CMakeFiles/cmTC_8fb20.dir/CMakeCCompilerABI.c.o.d -MT CMakeFiles/cmTC_8fb20.dir/CMakeCCompilerABI.c.o -sys-header-deps -internal-isystem /usr/lib64/clang/14.0.5/include -internal-isystem /usr/local/include -internal-isystem /usr/bin/../lib/gcc/x86_64-redhat-linux/12/../../../../x86_64-redhat-linux/include -internal-externc-isystem /include -internal-externc-isystem /usr/include -fdebug-compilation-dir=/home/jadondutra/Code/SpecGen/build/CMakeFiles/CMakeTmp -ferror-limit 19 -fgnuc-version=4.2.1 -faddrsig -D__GCC_HAVE_DWARF2_CFI_ASM=1 -o CMakeFiles/cmTC_8fb20.dir/CMakeCCompilerABI.c.o -x c /usr/share/cmake/Modules/CMakeCCompilerABI.c
clang -cc1 version 14.0.5 based upon LLVM 14.0.5 default target x86_64-redhat-linux-gnu
ignoring nonexistent directory "/usr/bin/../lib/gcc/x86_64-redhat-linux/12/../../../../x86_64-redhat-linux/include"
ignoring nonexistent directory "/include"
#include "..." search starts here:
#include <...> search starts here:
 /usr/lib64/clang/14.0.5/include
 /usr/local/include
 /usr/include
End of search list.
Linking C executable cmTC_8fb20
/usr/bin/cmake -E cmake_link_script CMakeFiles/cmTC_8fb20.dir/link.txt --verbose=1
/usr/bin/clang  -v -rdynamic CMakeFiles/cmTC_8fb20.dir/CMakeCCompilerABI.c.o -o cmTC_8fb20 
clang version 14.0.5 (Fedora 14.0.5-1.fc36)
Target: x86_64-redhat-linux-gnu
Thread model: posix
InstalledDir: /usr/bin
Found candidate GCC installation: /usr/bin/../lib/gcc/x86_64-redhat-linux/12
Selected GCC installation: /usr/bin/../lib/gcc/x86_64-redhat-linux/12
Candidate multilib: .;@m64
Candidate multilib: 32;@m32
Selected multilib: .;@m64
 "/usr/bin/ld" -export-dynamic --hash-style=gnu --build-id --eh-frame-hdr -m elf_x86_64 -export-dynamic -dynamic-linker /lib64/ld-linux-x86-64.so.2 -o cmTC_8fb20 /usr/bin/../lib/gcc/x86_64-redhat-linux/12/../../../../lib64/crt1.o /usr/bin/../lib/gcc/x86_64-redhat-linux/12/../../../../lib64/crti.o /usr/bin/../lib/gcc/x86_64-redhat-linux/12/crtbegin.o -L/usr/bin/../lib/gcc/x86_64-redhat-linux/12 -L/usr/bin/../lib/gcc/x86_64-redhat-linux/12/../../../../lib64 -L/lib/../lib64 -L/usr/lib/../lib64 -L/lib -L/usr/lib CMakeFiles/cmTC_8fb20.dir/CMakeCCompilerABI.c.o -lgcc --as-needed -lgcc_s --no-as-needed -lc -lgcc --as-needed -lgcc_s --no-as-needed /usr/bin/../lib/gcc/x86_64-redhat-linux/12/crtend.o /usr/bin/../lib/gcc/x86_64-redhat-linux/12/../../../../lib64/crtn.o
gmake[1]: Leaving directory '/home/jadondutra/Code/SpecGen/build/CMakeFiles/CMakeTmp'



Parsed C implicit include dir info from above output: rv=done
  found start of include info
  found start of implicit include info
    add: [/usr/lib64/clang/14.0.5/include]
    add: [/usr/local/include]
    add: [/usr/include]
  end of search list found
  collapse include dir [/usr/lib64/clang/14.0.5/include] ==> [/usr/lib64/clang/14.0.5/include]
  collapse include dir [/usr/local/include] ==> [/usr/local/include]
  collapse include dir [/usr/include] ==> [/usr/include]
  implicit include dirs: [/usr/lib64/clang/14.0.5/include;/usr/local/include;/usr/include]


Parsed C implicit link information from above output:
  link line regex: [^( *|.*[/\])(ld|CMAKE_LINK_STARTFILE-NOTFOUND|([^/\]+-)?ld|collect2)[^/\]*( |$)]
  ignore line: [Change Dir: /home/jadondutra/Code/SpecGen/build/CMakeFiles/CMakeTmp]
  ignore line: []
  ignore line: [Run Build Command(s):/usr/bin/gmake -f Makefile cmTC_8fb20/fast && /usr/bin/gmake  -f CMakeFiles/cmTC_8fb20.dir/build.make CMakeFiles/cmTC_8fb20.dir/build]
  ignore line: [gmake[1]: Entering directory '/home/jadondutra/Code/SpecGen/build/CMakeFiles/CMakeTmp']
  ignore line: [Building C object CMakeFiles/cmTC_8fb20.dir/CMakeCCompilerABI.c.o]
  ignore line: [/usr/bin/clang   -v -MD -MT CMakeFiles/cmTC_8fb20.dir/CMakeCCompilerABI.c.o -MF CMakeFiles/cmTC_8fb20.dir/CMakeCCompilerABI.c.o.d -o CMakeFiles/cmTC_8fb20.dir/CMakeCCompilerABI.c.o -c /usr/share/cmake/Modules/CMakeCCompilerABI.c]
  ignore line: [clang version 14.0.5 (Fedora 14.0.5-1.fc36)]
  ignore line: [Target: x86_64-redhat-linux-gnu]
  ignore line: [Thread model: posix]
  ignore line: [InstalledDir: /usr/bin]
  ignore line: [Found candidate GCC installation: /usr/bin/../lib/gcc/x86_64-redhat-linux/12]
  ignore line: [Selected GCC installation: /usr/bin/../lib/gcc/x86_64-redhat-linux/12]
  ignore line: [Candidate multilib: .]
  ignore line: [@m64]
  ignore line: [Candidate multilib: 32]
  ignore line: [@m32]
  ignore line: [Selected multilib: .]
  ignore line: [@m64]
  ignore line: [ (in-process)]
  ignore line: [ "/usr/bin/clang-14" -cc1 -triple x86_64-redhat-linux-gnu -emit-obj -mrelax-all --mrelax-relocations -disable-free -clear-ast-before-backend -disable-llvm-verifier -discard-value-names -main-file-name CMakeCCompilerABI.c -mrelocation-model static -mframe-pointer=all -fmath-errno -ffp-contract=on -fno-rounding-math -mconstructor-aliases -funwind-tables=2 -target-cpu x86-64 -tune-cpu generic -mllvm -treat-scalable-fixed-error-as-warning -debugger-tuning=gdb -v -fcoverage-compilation-dir=/home/jadondutra/Code/SpecGen/build/CMakeFiles/CMakeTmp -resource-dir /usr/lib64/clang/14.0.5 -dependency-file CMakeFiles/cmTC_8fb20.dir/CMakeCCompilerABI.c.o.d -MT CMakeFiles/cmTC_8fb20.dir/CMakeCCompilerABI.c.o -sys-header-deps -internal-isystem /usr/lib64/clang/14.0.5/include -internal-isystem /usr/local/include -internal-isystem /usr/bin/../lib/gcc/x86_64-redhat-linux/12/../../../../x86_64-redhat-linux/include -internal-externc-isystem /include -internal-externc-isystem /usr/include -fdebug-compilation-dir=/home/jadondutra/Code/SpecGen/build/CMakeFiles/CMakeTmp -ferror-limit 19 -fgnuc-version=4.2.1 -faddrsig -D__GCC_HAVE_DWARF2_CFI_ASM=1 -o CMakeFiles/cmTC_8fb20.dir/CMakeCCompilerABI.c.o -x c /usr/share/cmake/Modules/CMakeCCompilerABI.c]
  ignore line: [clang -cc1 version 14.0.5 based upon LLVM 14.0.5 default target x86_64-redhat-linux-gnu]
  ignore line: [ignoring nonexistent directory "/usr/bin/../lib/gcc/x86_64-redhat-linux/12/../../../../x86_64-redhat-linux/include"]
  ignore line: [ignoring nonexistent directory "/include"]
  ignore line: [#include "..." search starts here:]
  ignore line: [#include <...> search starts here:]
  ignore line: [ /usr/lib64/clang/14.0.5/include]
  ignore line: [ /usr/local/include]
  ignore line: [ /usr/include]
  ignore line: [End of search list.]
  ignore line: [Linking C executable cmTC_8fb20]
  ignore line: [/usr/bin/cmake -E cmake_link_script CMakeFiles/cmTC_8fb20.dir/link.txt --verbose=1]
  ignore line: [/usr/bin/clang  -v -rdynamic CMakeFiles/cmTC_8fb20.dir/CMakeCCompilerABI.c.o -o cmTC_8fb20 ]
  ignore line: [clang version 14.0.5 (Fedora 14.0.5-1.fc36)]
  ignore line: [Target: x86_64-redhat-linux-gnu]
  ignore line: [Thread model: posix]
  ignore line: [InstalledDir: /usr/bin]
  ignore line: [Found candidate GCC installation: /usr/bin/../lib/gcc/x86_64-redhat-linux/12]
  ignore line: [Selected GCC installation: /usr/bin/../lib/gcc/x86_64-redhat-linux/12]
  ignore line: [Candidate multilib: .]
  ignore line: [@m64]
  ignore line: [Candidate multilib: 32]
  ignore line: [@m32]
  ignore line: [Selected multilib: .]
  ignore line: [@m64]
  link line: [ "/usr/bin/ld" -export-dynamic --hash-style=gnu --build-id --eh-frame-hdr -m elf_x86_64 -export-dynamic -dynamic-linker /lib64/ld-linux-x86-64.so.2 -o cmTC_8fb20 /usr/bin/../lib/gcc/x86_64-redhat-linux/12/../../../../lib64/crt1.o /usr/bin/../lib/gcc/x86_64-redhat-linux/12/../../../../lib64/crti.o /usr/bin/../lib/gcc/x86_64-redhat-linux/12/crtbegin.o -L/usr/bin/../lib/gcc/x86_64-redhat-linux/12 -L/usr/bin/../lib/gcc/x86_64-redhat-linux/12/../../../../lib64 -L/lib/../lib64 -L/usr/lib/../lib64 -L/lib -L/usr/lib CMakeFiles/cmTC_8fb20.dir/CMakeCCompilerABI.c.o -lgcc --as-needed -lgcc_s --no-as-needed -lc -lgcc --as-needed -lgcc_s --no-as-needed /usr/bin/../lib/gcc/x86_64-redhat-linux/12/crtend.o /usr/bin/../lib/gcc/x86_64-redhat-linux/12/../../../../lib64/crtn.o]
    arg [/usr/bin/ld] ==> ignore
    arg [-export-dynamic] ==> ignore
    arg [--hash-style=gnu] ==> ignore
    arg [--build-id] ==> ignore
    arg [--eh-frame-hdr] ==> ignore
    arg [-m] ==> ignore
    arg [elf_x86_64] ==> ignore
    arg [-export-dynamic] ==> ignore
    arg [-dynamic-linker] ==> ignore
    arg [/lib64/ld-linux-x86-64.so.2] ==> ignore
    arg [-o] ==> ignore
    arg [cmTC_8fb20] ==> ignore
    arg [/usr/bin/../lib/gcc/x86_64-redhat-linux/12/../../../../lib64/crt1.o] ==> obj [/usr/bin/../lib/gcc/x86_64-redhat-linux/12/../../../../lib64/crt1.o]
    arg [/usr/bin/../lib/gcc/x86_64-redhat-linux/12/../../../../lib64/crti.o] ==> obj [/usr/bin/../lib/gcc/x86_64-redhat-linux/12/../../../../lib64/crti.o]
    arg [/usr/bin/../lib/gcc/x86_64-redhat-linux/12/crtbegin.o] ==> obj [/usr/bin/../lib/gcc/x86_64-redhat-linux/12/crtbegin.o]
    arg [-L/usr/bin/../lib/gcc/x86_64-redhat-linux/12] ==> dir [/usr/bin/../lib/gcc/x86_64-redhat-linux/12]
    arg [-L/usr/bin/../lib/gcc/x86_64-redhat-linux/12/../../../../lib64] ==> dir [/usr/bin/../lib/gcc/x86_64-redhat-linux/12/../../../../lib64]
    arg [-L/lib/../lib64] ==> dir [/lib/../lib64]
    arg [-L/usr/lib/../lib64] ==> dir [/usr/lib/../lib64]
    arg [-L/lib] ==> dir [/lib]
    arg [-L/usr/lib] ==> dir [/usr/lib]
    arg [CMakeFiles/cmTC_8fb20.dir/CMakeCCompilerABI.c.o] ==> ignore
    arg [-lgcc] ==> lib [gcc]
    arg [--as-needed] ==> ignore
    arg [-lgcc_s] ==> lib [gcc_s]
    arg [--no-as-needed] ==> ignore
    arg [-lc] ==> lib [c]
    arg [-lgcc] ==> lib [gcc]
    arg [--as-needed] ==> ignore
    arg [-lgcc_s] ==> lib [gcc_s]
    arg [--no-as-needed] ==> ignore
    arg [/usr/bin/../lib/gcc/x86_64-redhat-linux/12/crtend.o] ==> obj [/usr/bin/../lib/gcc/x86_64-redhat-linux/12/crtend.o]
    arg [/usr/bin/../lib/gcc/x86_64-redhat-linux/12/../../../../lib64/crtn.o] ==> obj [/usr/bin/../lib/gcc/x86_64-redhat-linux/12/../../../../lib64/crtn.o]
  collapse obj [/usr/bin/../lib/gcc/x86_64-redhat-linux/12/../../../../lib64/crt1.o] ==> [/usr/lib64/crt1.o]
  collapse obj [/usr/bin/../lib/gcc/x86_64-redhat-linux/12/../../../../lib64/crti.o] ==> [/usr/lib64/crti.o]
  collapse obj [/usr/bin/../lib/gcc/x86_64-redhat-linux/12/crtbegin.o] ==> [/usr/lib/gcc/x86_64-redhat-linux/12/crtbegin.o]
  collapse obj [/usr/bin/../lib/gcc/x86_64-redhat-linux/12/crtend.o] ==> [/usr/lib/gcc/x86_64-redhat-linux/12/crtend.o]
  collapse obj [/usr/bin/../lib/gcc/x86_64-redhat-linux/12/../../../../lib64/crtn.o] ==> [/usr/lib64/crtn.o]
  collapse library dir [/usr/bin/../lib/gcc/x86_64-redhat-linux/12] ==> [/usr/lib/gcc/x86_64-redhat-linux/12]
  collapse library dir [/usr/bin/../lib/gcc/x86_64-redhat-linux/12/../../../../lib64] ==> [/usr/lib64]
  collapse library dir [/lib/../lib64] ==> [/lib64]
  collapse library dir [/usr/lib/../lib64] ==> [/usr/lib64]
  collapse library dir [/lib] ==> [/lib]
  collapse library dir [/usr/lib] ==> [/usr/lib]
  implicit libs: [gcc;gcc_s;c;gcc;gcc_s]
  implicit objs: [/usr/lib64/crt1.o;/usr/lib64/crti.o;/usr/lib/gcc/x86_64-redhat-linux/12/crtbegin.o;/usr/lib/gcc/x86_64-redhat-linux/12/crtend.o;/usr/lib64/crtn.o]
  implicit dirs: [/usr/lib/gcc/x86_64-redhat-linux/12;/usr/lib64;/lib64;/lib;/usr/lib]
  implicit fwks: []


Detecting CXX compiler ABI info compiled with the following output:
Change Dir: /home/jadondutra/Code/SpecGen/build/CMakeFiles/CMakeTmp

Run Build Command(s):/usr/bin/gmake -f Makefile cmTC_ddf18/fast && /usr/bin/gmake  -f CMakeFiles/cmTC_ddf18.dir/build.make CMakeFiles/cmTC_ddf18.dir/build
gmake[1]: Entering directory '/home/jadondutra/Code/SpecGen/build/CMakeFiles/CMakeTmp'
Building CXX object CMakeFiles/cmTC_ddf18.dir/CMakeCXXCompilerABI.cpp.o
/usr/bin/clang++   -v -MD -MT CMakeFiles/cmTC_ddf18.dir/CMakeCXXCompilerABI.cpp.o -MF CMakeFiles/cmTC_ddf18.dir/CMakeCXXCompilerABI.cpp.o.d -o CMakeFiles/cmTC_ddf18.dir/CMakeCXXCompilerABI.cpp.o -c /usr/share/cmake/Modules/CMakeCXXCompilerABI.cpp
clang version 14.0.5 (Fedora 14.0.5-1.fc36)
Target: x86_64-redhat-linux-gnu
Thread model: posix
InstalledDir: /usr/bin
Found candidate GCC installation: /usr/bin/../lib/gcc/x86_64-redhat-linux/12
Selected GCC installation: /usr/bin/../lib/gcc/x86_64-redhat-linux/12
Candidate multilib: .;@m64
Candidate multilib: 32;@m32
Selected multilib: .;@m64
 (in-process)
 "/usr/bin/clang-14" -cc1 -triple x86_64-redhat-linux-gnu -emit-obj -mrelax-all --mrelax-relocations -disable-free -clear-ast-before-backend -disable-llvm-verifier -discard-value-names -main-file-name CMakeCXXCompilerABI.cpp -mrelocation-model static -mframe-pointer=all -fmath-errno -ffp-contract=on -fno-rounding-math -mconstructor-aliases -funwind-tables=2 -target-cpu x86-64 -tune-cpu generic -mllvm -treat-scalable-fixed-error-as-warning -debugger-tuning=gdb -v -fcoverage-compilation-dir=/home/jadondutra/Code/SpecGen/build/CMakeFiles/CMakeTmp -resource-dir /usr/lib64/clang/14.0.5 -dependency-file CMakeFiles/cmTC_ddf18.dir/CMakeCXXCompilerABI.cpp.o.d -MT CMakeFiles/cmTC_ddf18.dir/CMakeCXXCompilerABI.cpp.o -sys-header-deps -internal-isystem /usr/bin/../lib/gcc/x86_64-redhat-linux/12/../../../../include/c++/12 -internal-isystem /usr/bin/../lib/gcc/x86_64-redhat-linux/12/../../../../include/c++/12/x86_64-redhat-linux -internal-isystem /usr/bin/../lib/gcc/x86_64-redhat-linux/12/../../../../include/c++/12/backward -internal-isystem /usr/lib64/clang/14.0.5/include -internal-isystem /usr/local/include -internal-isystem /usr/bin/../lib/gcc/x86_64-redhat-linux/12/../../../../x86_64-redhat-linux/include -internal-externc-isystem /include -internal-externc-isystem /usr/include -fdeprecated-macro -fdebug-compilation-dir=/home/jadondutra/Code/SpecGen/build/CMakeFiles/CMakeTmp -ferror-limit 19 -fgnuc-version=4.2.1 -fcxx-exceptions -fexceptions -faddrsig -D__GCC_HAVE_DWARF2_CFI_ASM=1 -o CMakeFiles/cmTC_ddf18.dir/CMakeCXXCompilerABI.cpp.o -x c++ /usr/share/cmake/Modules/CMakeCXXCompilerABI.cpp
clang -cc1 version 14.0.5 based upon LLVM 14.0.5 default target x86_64-redhat-linux-gnu
ignoring nonexistent directory "/usr/bin/../lib/gcc/x86_64-redhat-linux/12/../../../../x86_64-redhat-linux/include"
ignoring nonexistent directory "/include"
#include "..." search starts here:
#include <...> search starts here:
 /usr/bin/../lib/gcc/x86_64-redhat-linux/12/../../../../include/c++/12
 /usr/bin/../lib/gcc/x86_64-redhat-linux/12/../../../../include/c++/12/x86_64-redhat-linux
 /usr/bin/../lib/gcc/x86_64-redhat-linux/12/../../../../include/c++/12/backward
 /usr/lib64/clang/14.0.5/include
 /usr/local/include
 /usr/include
End of search list.
Linking CXX executable cmTC_ddf18
/usr/bin/cmake -E cmake_link_script CMakeFiles/cmTC_ddf18.dir/link.txt --verbose=1
/usr/bin/clang++  -v -rdynamic CMakeFiles/cmTC_ddf18.dir/CMakeCXXCompilerABI.cpp.o -o cmTC_ddf18 
clang version 14.0.5 (Fedora 14.0.5-1.fc36)
Target: x86_64-redhat-linux-gnu
Thread model: posix
InstalledDir: /usr/bin
Found candidate GCC installation: /usr/bin/../lib/gcc/x86_64-redhat-linux/12
Selected GCC installation: /usr/bin/../lib/gcc/x86_64-redhat-linux/12
Candidate multilib: .;@m64
Candidate multilib: 32;@m32
Selected multilib: .;@m64
 "/usr/bin/ld" -export-dynamic --hash-style=gnu --build-id --eh-frame-hdr -m elf_x86_64 -export-dynamic -dynamic-linker /lib64/ld-linux-x86-64.so.2 -o cmTC_ddf18 /usr/bin/../lib/gcc/x86_64-redhat-linux/12/../../../../lib64/crt1.o /usr/bin/../lib/gcc/x86_64-redhat-linux/12/../../../../lib64/crti.o /usr/bin/../lib/gcc/x86_64-redhat-linux/12/crtbegin.o -L/usr/bin/../lib/gcc/x86_64-redhat-linux/12 -L/usr/bin/../lib/gcc/x86_64-redhat-linux/12/../../../../lib64 -L/lib/../lib64 -L/usr/lib/../lib64 -L/lib -L/usr/lib CMakeFiles/cmTC_ddf18.dir/CMakeCXXCompilerABI.cpp.o -lstdc++ -lm -lgcc_s -lgcc -lc -lgcc_s -lgcc /usr/bin/../lib/gcc/x86_64-redhat-linux/12/crtend.o /usr/bin/../lib/gcc/x86_64-redhat-linux/12/../../../../lib64/crtn.o
gmake[1]: Leaving directory '/home/jadondutra/Code/SpecGen/build/CMakeFiles/CMakeTmp'



Parsed CXX implicit include dir info from above output: rv=done
  found start of include info
  found start of implicit include info
    add: [/usr/bin/../lib/gcc/x86_64-redhat-linux/12/../../../../include/c++/12]
    add: [/usr/bin/../lib/gcc/x86_64-redhat-linux/12/../../../../include/c++/12/x86_64-redhat-linux]
    add: [/usr/bin/../lib/gcc/x86_64-redhat-linux/12/../../../../include/c++/12/backward]
    add: [/usr/lib64/clang/14.0.5/include]
    add: [/usr/local/include]
    add: [/usr/include]
  end of search list found
  collapse include dir [/usr/bin/../lib/gcc/x86_64-redhat-linux/12/../../../../include/c++/12] ==> [/usr/include/c++/12]
  collapse include dir [/usr/bin/../lib/gcc/x86_64-redhat-linux/12/../../../../include/c++/12/x86_64-redhat-linux] ==> [/usr/include/c++/12/x86_64-redhat-linux]
  collapse include dir [/usr/bin/../lib/gcc/x86_64-redhat-linux/12/../../../../include/c++/12/backward] ==> [/usr/include/c++/12/backward]
  collapse include dir [/usr/lib64/clang/14.0.5/include] ==> [/usr/lib64/clang/14.0.5/include]
  collapse include dir [/usr/local/include] ==> [/usr/local/include]
  collapse include dir [/usr/include] ==> [/usr/include]
  implicit include dirs: [/usr/include/c++/12;/usr/include/c++/12/x86_64-redhat-linux;/usr/include/c++/12/backward;/usr/lib64/clang/14.0.5/include;/usr/local/include;/usr/include]


Parsed CXX implicit link information from above output:
  link line regex: [^( *|.*[/\])(ld|CMAKE_LINK_STARTFILE-NOTFOUND|([^/\]+-)?ld|collect2)[^/\]*( |$)]
  ignore line: [Change Dir: /home/jadondutra/Code/SpecGen/build/CMakeFiles/CMakeTmp]
  ignore line: []
  ignore line: [Run Build Command(s):/usr/bin/gmake -f Makefile cmTC_ddf18/fast && /usr/bin/gmake  -f CMakeFiles/cmTC_ddf18.dir/build.make CMakeFiles/cmTC_ddf18.dir/build]
  ignore line: [gmake[1]: Entering directory '/home/jadondutra/Code/SpecGen/build/CMakeFiles/CMakeTmp']
  ignore line: [Building CXX object CMakeFiles/cmTC_ddf18.dir/CMakeCXXCompilerABI.cpp.o]
  ignore line: [/usr/bin/clang++   -v -MD -MT CMakeFiles/cmTC_ddf18.dir/CMakeCXXCompilerABI.cpp.o -MF CMakeFiles/cmTC_ddf18.dir/CMakeCXXCompilerABI.cpp.o.d -o CMakeFiles/cmTC_ddf18.dir/CMakeCXXCompilerABI.cpp.o -c /usr/share/cmake/Modules/CMakeCXXCompilerABI.cpp]
  ignore line: [clang version 14.0.5 (Fedora 14.0.5-1.fc36)]
  ignore line: [Target: x86_64-redhat-linux-gnu]
  ignore line: [Thread model: posix]
  ignore line: [InstalledDir: /usr/bin]
  ignore line: [Found candidate GCC installation: /usr/bin/../lib/gcc/x86_64-redhat-linux/12]
  ignore line: [Selected GCC installation: /usr/bin/../lib/gcc/x86_64-redhat-linux/12]
  ignore line: [Candidate multilib: .]
  ignore line: [@m64]
  ignore line: [Candidate multilib: 32]
  ignore line: [@m32]
  ignore line: [Selected multilib: .]
  ignore line: [@m64]
  ignore line: [ (in-process)]
  ignore line: [ "/usr/bin/clang-14" -cc1 -triple x86_64-redhat-linux-gnu -emit-obj -mrelax-all --mrelax-relocations -disable-free -clear-ast-before-backend -disable-llvm-verifier -discard-value-names -main-file-name CMakeCXXCompilerABI.cpp -mrelocation-model static -mframe-pointer=all -fmath-errno -ffp-contract=on -fno-rounding-math -mconstructor-aliases -funwind-tables=2 -target-cpu x86-64 -tune-cpu generic -mllvm -treat-scalable-fixed-error-as-warning -debugger-tuning=gdb -v -fcoverage-compilation-dir=/home/jadondutra/Code/SpecGen/build/CMakeFiles/CMakeTmp -resource-dir /usr/lib64/clang/14.0.5 -dependency-file CMakeFiles/cmTC_ddf18.dir/CMakeCXXCompilerABI.cpp.o.d -MT CMakeFiles/cmTC_ddf18.dir/CMakeCXXCompilerABI.cpp.o -sys-header-deps -internal-isystem /usr/bin/../lib/gcc/x86_64-redhat-linux/12/../../../../include/c++/12 -internal-isystem /usr/bin/../lib/gcc/x86_64-redhat-linux/12/../../../../include/c++/12/x86_64-redhat-linux -internal-isystem /usr/bin/../lib/gcc/x86_64-redhat-linux/12/../../../../include/c++/12/backward -internal-isystem /usr/lib64/clang/14.0.5/include -internal-isystem /usr/local/include -internal-isystem /usr/bin/../lib/gcc/x86_64-redhat-linux/12/../../../../x86_64-redhat-linux/include -internal-externc-isystem /include -internal-externc-isystem /usr/include -fdeprecated-macro -fdebug-compilation-dir=/home/jadondutra/Code/SpecGen/build/CMakeFiles/CMakeTmp -ferror-limit 19 -fgnuc-version=4.2.1 -fcxx-exceptions -fexceptions -faddrsig -D__GCC_HAVE_DWARF2_CFI_ASM=1 -o CMakeFiles/cmTC_ddf18.dir/CMakeCXXCompilerABI.cpp.o -x c++ /usr/share/cmake/Modules/CMakeCXXCompilerABI.cpp]
  ignore line: [clang -cc1 version 14.0.5 based upon LLVM 14.0.5 default target x86_64-redhat-linux-gnu]
  ignore line: [ignoring nonexistent directory "/usr/bin/../lib/gcc/x86_64-redhat-linux/12/../../../../x86_64-redhat-linux/include"]
  ignore line: [ignoring nonexistent directory "/include"]
  ignore line: [#include "..." search starts here:]
  ignore line: [#include <...> search starts here:]
  ignore line: [ /usr/bin/../lib/gcc/x86_64-redhat-linux/12/../../../../include/c++/12]
  ignore line: [ /usr/bin/../lib/gcc/x86_64-redhat-linux/12/../../../../include/c++/12/x86_64-redhat-linux]
  ignore line: [ /usr/bin/../lib/gcc/x86_64-redhat-linux/12/../../../../include/c++/12/backward]
  ignore line: [ /usr/lib64/clang/14.0.5/include]
  ignore line: [ /usr/local/include]
  ignore line: [ /usr/include]
  ignore line: [End of search list.]
  ignore line: [Linking CXX executable cmTC_ddf18]
  ignore line: [/usr/bin/cmake -E cmake_link_script CMakeFiles/cmTC_ddf18.dir/link.txt --verbose=1]
  ignore line: [/usr/bin/clang++  -v -rdynamic CMakeFiles/cmTC_ddf18.dir/CMakeCXXCompilerABI.cpp.o -o cmTC_ddf18 ]
  ignore line: [clang version 14.0.5 (Fedora 14.0.5-1.fc36)]
  ignore line: [Target: x86_64-redhat-linux-gnu]
  ignore line: [Thread model: posix]
  ignore line: [InstalledDir: /usr/bin]
  ignore line: [Found candidate GCC installation: /usr/bin/../lib/gcc/x86_64-redhat-linux/12]
  ignore line: [Selected GCC installation: /usr/bin/../lib/gcc/x86_64-redhat-linux/12]
  ignore line: [Candidate multilib: .]
  ignore line: [@m64]
  ignore line: [Candidate multilib: 32]
  ignore line: [@m32]
  ignore line: [Selected multilib: .]
  ignore line: [@m64]
  link line: [ "/usr/bin/ld" -export-dynamic --hash-style=gnu --build-id --eh-frame-hdr -m elf_x86_64 -export-dynamic -dynamic-linker /lib64/ld-linux-x86-64.so.2 -o cmTC_ddf18 /usr/bin/../lib/gcc/x86_64-redhat-linux/12/../../../../lib64/crt1.o /usr/bin/../lib/gcc/x86_64-redhat-linux/12/../../../../lib64/crti.o /usr/bin/../lib/gcc/x86_64-redhat-linux/12/crtbegin.o -L/usr/bin/../lib/gcc/x86_64-redhat-linux/12 -L/usr/bin/../lib/gcc/x86_64-redhat-linux/12/../../../../lib64 -L/lib/../lib64 -L/usr/lib/../lib64 -L/lib -L/usr/lib CMakeFiles/cmTC_ddf18.dir/CMakeCXXCompilerABI.cpp.o -lstdc++ -lm -lgcc_s -lgcc -lc -lgcc_s -lgcc /usr/bin/../lib/gcc/x86_64-redhat-linux/12/crtend.o /usr/bin/../lib/gcc/x86_64-redhat-linux/12/../../../../lib64/crtn.o]
    arg [/usr/bin/ld] ==> ignore
    arg [-export-dynamic] ==> ignore
    arg [--hash-style=gnu] ==> ignore
    arg [--build-id] ==> ignore
    arg [--eh-frame-hdr] ==> ignore
    arg [-m] ==> ignore
    arg [elf_x86_64] ==> ignore
    arg [-export-dynamic] ==> ignore
    arg [-dynamic-linker] ==> ignore
    arg [/lib64/ld-linux-x86-64.so.2] ==> ignore
    arg [-o] ==> ignore
    arg [cmTC_ddf18] ==> ignore
    arg [/usr/bin/../lib/gcc/x86_64-redhat-linux/12/../../../../lib64/crt1.o] ==> obj [/usr/bin/../lib/gcc/x86_64-redhat-linux/12/../../../../lib64/crt1.o]
    arg [/usr/bin/../lib/gcc/x86_64-redhat-linux/12/../../../../lib64/crti.o] ==> obj [/usr/bin/../lib/gcc/x86_64-redhat-linux/12/../../../../lib64/crti.o]
    arg [/usr/bin/../lib/gcc/x86_64-redhat-linux/12/crtbegin.o] ==> obj [/usr/bin/../lib/gcc/x86_64-redhat-linux/12/crtbegin.o]
    arg [-L/usr/bin/../lib/gcc/x86_64-redhat-linux/12] ==> dir [/usr/bin/../lib/gcc/x86_64-redhat-linux/12]
    arg [-L/usr/bin/../lib/gcc/x86_64-redhat-linux/12/../../../../lib64] ==> dir [/usr/bin/../lib/gcc/x86_64-redhat-linux/12/../../../../lib64]
    arg [-L/lib/../lib64] ==> dir [/lib/../lib64]
    arg [-L/usr/lib/../lib64] ==> dir [/usr/lib/../lib64]
    arg [-L/lib] ==> dir [/lib]
    arg [-L/usr/lib] ==> dir [/usr/lib]
    arg [CMakeFiles/cmTC_ddf18.dir/CMakeCXXCompilerABI.cpp.o] ==> ignore
    arg [-lstdc++] ==> lib [stdc++]
    arg [-lm] ==> lib [m]
    arg [-lgcc_s] ==> lib [gcc_s]
    arg [-lgcc] ==> lib [gcc]
    arg [-lc] ==> lib [c]
    arg [-lgcc_s] ==> lib [gcc_s]
    arg [-lgcc] ==> lib [gcc]
    arg [/usr/bin/../lib/gcc/x86_64-redhat-linux/12/crtend.o] ==> obj [/usr/bin/../lib/gcc/x86_64-redhat-linux/12/crtend.o]
    arg [/usr/bin/../lib/gcc/x86_64-redhat-linux/12/../../../../lib64/crtn.o] ==> obj [/usr/bin/../lib/gcc/x86_64-redhat-linux/12/../../../../lib64/crtn.o]
  collapse obj [/usr/bin/../lib/gcc/x86_64-redhat-linux/12/../../../../lib64/crt1.o] ==> [/usr/lib64/crt1.o]
  collapse obj [/usr/bin/../lib/gcc/x86_64-redhat-linux/12/../../../../lib64/crti.o] ==> [/usr/lib64/crti.o]
  collapse obj [/usr/bin/../lib/gcc/x86_64-redhat-linux/12/crtbegin.o] ==> [/usr/lib/gcc/x86_64-redhat-linux/12/crtbegin.o]
  collapse obj [/usr/bin/../lib/gcc/x86_64-redhat-linux/12/crtend.o] ==> [/usr/lib/gcc/x86_64-redhat-linux/12/crtend.o]
  collapse obj [/usr/bin/../lib/gcc/x86_64-redhat-linux/12/../../../../lib64/crtn.o] ==> [/usr/lib64/crtn.o]
  collapse library dir [/usr/bin/../lib/gcc/x86_64-redhat-linux/12] ==> [/usr/lib/gcc/x86_64-redhat-linux/12]
  collapse library dir [/usr/bin/../lib/gcc/x86_64-redhat-linux/12/../../../../lib64] ==> [/usr/lib64]
  collapse library dir [/lib/../lib64] ==> [/lib64]
  collapse library dir [/usr/lib/../lib64] ==> [/usr/lib64]
  collapse library dir [/lib] ==> [/lib]
  collapse library dir [/usr/lib] ==> [/usr/lib]
  implicit libs: [stdc++;m;gcc_s;gcc;c;gcc_s;gcc]
  implicit objs: [/usr/lib64/crt1.o;/usr/lib64/crti.o;/usr/lib/gcc/x86_64-redhat-linux/12/crtbegin.o;/usr/lib/gcc/x86_64-redhat-linux/12/crtend.o;/usr/lib64/crtn.o]
  implicit dirs: [/usr/lib/gcc/x86_64-redhat-linux/12;/usr/lib64;/lib64;/lib;/usr/lib]
  implicit fwks: []


Performing C SOURCE FILE Test CMAKE_HAVE_LIBC_PTHREAD succeeded with the following output:
Change Dir: /home/jadondutra/Code/SpecGen/build/CMakeFiles/CMakeTmp

Run Build Command(s):/usr/bin/gmake -f Makefile cmTC_350da/fast && /usr/bin/gmake  -f CMakeFiles/cmTC_350da.dir/build.make CMakeFiles/cmTC_350da.dir/build
gmake[1]: Entering directory '/home/jadondutra/Code/SpecGen/build/CMakeFiles/CMakeTmp'
Building C object CMakeFiles/cmTC_350da.dir/src.c.o
/usr/bin/clang -DCMAKE_HAVE_LIBC_PTHREAD   -MD -MT CMakeFiles/cmTC_350da.dir/src.c.o -MF CMakeFiles/cmTC_350da.dir/src.c.o.d -o CMakeFiles/cmTC_350da.dir/src.c.o -c /home/jadondutra/Code/SpecGen/build/CMakeFiles/CMakeTmp/src.c
Linking C executable cmTC_350da
/usr/bin/cmake -E cmake_link_script CMakeFiles/cmTC_350da.dir/link.txt --verbose=1
/usr/bin/clang CMakeFiles/cmTC_350da.dir/src.c.o -o cmTC_350da 
gmake[1]: Leaving directory '/home/jadondutra/Code/SpecGen/build/CMakeFiles/CMakeTmp'


Source file was:
#include <pthread.h>

static void* test_func(void* data)
{
  return data;
}

int main(void)
{
  pthread_t thread;
  pthread_create(&thread, NULL, test_func, NULL);
  pthread_detach(thread);
  pthread_cancel(thread);
  pthread_join(thread, NULL);
  pthread_atfork(NULL, NULL, NULL);
  pthread_exit(NULL);

  return 0;
}

Determining if the include file filesystem exists passed with the following output:
Change Dir: /home/jadondutra/Code/SpecGen/build/CMakeFiles/CMakeTmp

Run Build Command(s):/usr/bin/gmake -f Makefile cmTC_2a0e5/fast && /usr/bin/gmake  -f CMakeFiles/cmTC_2a0e5.dir/build.make CMakeFiles/cmTC_2a0e5.dir/build
gmake[1]: Entering directory '/home/jadondutra/Code/SpecGen/build/CMakeFiles/CMakeTmp'
Building CXX object CMakeFiles/cmTC_2a0e5.dir/CheckIncludeFile.cxx.o
/usr/bin/clang++   -O0  -std=gnu++17 -MD -MT CMakeFiles/cmTC_2a0e5.dir/CheckIncludeFile.cxx.o -MF CMakeFiles/cmTC_2a0e5.dir/CheckIncludeFile.cxx.o.d -o CMakeFiles/cmTC_2a0e5.dir/CheckIncludeFile.cxx.o -c /home/jadondutra/Code/SpecGen/build/CMakeFiles/CMakeTmp/CheckIncludeFile.cxx
Linking CXX executable cmTC_2a0e5
/usr/bin/cmake -E cmake_link_script CMakeFiles/cmTC_2a0e5.dir/link.txt --verbose=1
/usr/bin/clang++  -O0  CMakeFiles/cmTC_2a0e5.dir/CheckIncludeFile.cxx.o -o cmTC_2a0e5 
gmake[1]: Leaving directory '/home/jadondutra/Code/SpecGen/build/CMakeFiles/CMakeTmp'



Performing C++ SOURCE FILE Test CXX_FILESYSTEM_NO_LINK_NEEDED succeeded with the following compile output:
Change Dir: /home/jadondutra/Code/SpecGen/build/CMakeFiles/CMakeTmp

Run Build Command(s):/usr/bin/gmake -f Makefile cmTC_1db77/fast && /usr/bin/gmake  -f CMakeFiles/cmTC_1db77.dir/build.make CMakeFiles/cmTC_1db77.dir/build
gmake[1]: Entering directory '/home/jadondutra/Code/SpecGen/build/CMakeFiles/CMakeTmp'
Building CXX object CMakeFiles/cmTC_1db77.dir/src.cxx.o
/usr/bin/clang++ -DCXX_FILESYSTEM_NO_LINK_NEEDED  -O0  -std=gnu++17 -MD -MT CMakeFiles/cmTC_1db77.dir/src.cxx.o -MF CMakeFiles/cmTC_1db77.dir/src.cxx.o.d -o CMakeFiles/cmTC_1db77.dir/src.cxx.o -c /home/jadondutra/Code/SpecGen/build/CMakeFiles/CMakeTmp/src.cxx
Linking CXX executable cmTC_1db77
/usr/bin/cmake -E cmake_link_script CMakeFiles/cmTC_1db77.dir/link.txt --verbose=1
/usr/bin/clang++  -O0  CMakeFiles/cmTC_1db77.dir/src.cxx.o -o cmTC_1db77 
gmake[1]: Leaving directory '/home/jadondutra/Code/SpecGen/build/CMakeFiles/CMakeTmp'


...and run output:
/home/jadondutra/Code/SpecGen/build
Return value: 1
Source file was:
        #include <cstdlib>
        #include <filesystem>

        int main() {
            auto cwd = std::filesystem::current_path();
            printf("%s", cwd.c_str());
            return EXIT_SUCCESS;
        }
    
Determining if the __fbufsize exist passed with the following output:
Change Dir: /home/jadondutra/Code/SpecGen/build/CMakeFiles/CMakeTmp

Run Build Command(s):/usr/bin/gmake -f Makefile cmTC_6e1f9/fast && /usr/bin/gmake  -f CMakeFiles/cmTC_6e1f9.dir/build.make CMakeFiles/cmTC_6e1f9.dir/build
gmake[1]: Entering directory '/home/jadondutra/Code/SpecGen/build/CMakeFiles/CMakeTmp'
Building C object CMakeFiles/cmTC_6e1f9.dir/CheckSymbolExists.c.o
/usr/bin/clang    -MD -MT CMakeFiles/cmTC_6e1f9.dir/CheckSymbolExists.c.o -MF CMakeFiles/cmTC_6e1f9.dir/CheckSymbolExists.c.o.d -o CMakeFiles/cmTC_6e1f9.dir/CheckSymbolExists.c.o -c /home/jadondutra/Code/SpecGen/build/CMakeFiles/CMakeTmp/CheckSymbolExists.c
Linking C executable cmTC_6e1f9
/usr/bin/cmake -E cmake_link_script CMakeFiles/cmTC_6e1f9.dir/link.txt --verbose=1
/usr/bin/clang CMakeFiles/cmTC_6e1f9.dir/CheckSymbolExists.c.o -o cmTC_6e1f9 
gmake[1]: Leaving directory '/home/jadondutra/Code/SpecGen/build/CMakeFiles/CMakeTmp'


File /home/jadondutra/Code/SpecGen/build/CMakeFiles/CMakeTmp/CheckSymbolExists.c:
/* */
#include <stdio_ext.h>

int main(int argc, char** argv)
{
  (void)argv;
#ifndef __fbufsize
  return ((int*)(&__fbufsize))[argc];
#else
  (void)argc;
  return 0;
#endif
}
